0 info it worked if it ends with ok
1 verbose cli [ '/usr/local/Cellar/node/7.7.1_1/bin/node',
1 verbose cli   '/usr/local/bin/npm',
1 verbose cli   'run',
1 verbose cli   'build' ]
2 info using npm@4.1.2
3 info using node@v7.7.1
4 verbose run-script [ 'prebuild', 'build', 'postbuild' ]
5 info lifecycle jasmine-first-test@1.0.0~prebuild: jasmine-first-test@1.0.0
6 silly lifecycle jasmine-first-test@1.0.0~prebuild: no script for prebuild, continuing
7 info lifecycle jasmine-first-test@1.0.0~build: jasmine-first-test@1.0.0
8 verbose lifecycle jasmine-first-test@1.0.0~build: unsafe-perm in lifecycle true
9 verbose lifecycle jasmine-first-test@1.0.0~build: PATH: /usr/local/lib/node_modules/npm/bin/node-gyp-bin:/Users/huevang/Projects/jasmine-first-test/node_modules/.bin:/Users/huevang/anaconda2/bin:/usr/local/bin:/usr/bin:/bin:/usr/sbin:/sbin
10 verbose lifecycle jasmine-first-test@1.0.0~build: CWD: /Users/huevang/Projects/jasmine-first-test
11 silly lifecycle jasmine-first-test@1.0.0~build: Args: [ '-c', 'webpack' ]
12 silly lifecycle jasmine-first-test@1.0.0~build: Returned: code: 2  signal: null
13 info lifecycle jasmine-first-test@1.0.0~build: Failed to exec build script
14 verbose stack Error: jasmine-first-test@1.0.0 build: `webpack`
14 verbose stack Exit status 2
14 verbose stack     at EventEmitter.<anonymous> (/usr/local/lib/node_modules/npm/lib/utils/lifecycle.js:279:16)
14 verbose stack     at emitTwo (events.js:106:13)
14 verbose stack     at EventEmitter.emit (events.js:194:7)
14 verbose stack     at ChildProcess.<anonymous> (/usr/local/lib/node_modules/npm/lib/utils/spawn.js:40:14)
14 verbose stack     at emitTwo (events.js:106:13)
14 verbose stack     at ChildProcess.emit (events.js:194:7)
14 verbose stack     at maybeClose (internal/child_process.js:899:16)
14 verbose stack     at Process.ChildProcess._handle.onexit (internal/child_process.js:226:5)
15 verbose pkgid jasmine-first-test@1.0.0
16 verbose cwd /Users/huevang/Projects/jasmine-first-test
17 error Darwin 15.3.0
18 error argv "/usr/local/Cellar/node/7.7.1_1/bin/node" "/usr/local/bin/npm" "run" "build"
19 error node v7.7.1
20 error npm  v4.1.2
21 error code ELIFECYCLE
22 error jasmine-first-test@1.0.0 build: `webpack`
22 error Exit status 2
23 error Failed at the jasmine-first-test@1.0.0 build script 'webpack'.
23 error Make sure you have the latest version of node.js and npm installed.
23 error If you do, this is most likely a problem with the jasmine-first-test package,
23 error not with npm itself.
23 error Tell the author that this fails on your system:
23 error     webpack
23 error You can get information on how to open an issue for this project with:
23 error     npm bugs jasmine-first-test
23 error Or if that isn't available, you can get their info via:
23 error     npm owner ls jasmine-first-test
23 error There is likely additional logging output above.
24 verbose exit [ 1, true ]
